L 1 "Generated_Source\PSoC4\cymetadata.c"
N/*******************************************************************************
N* File Name: cymetadata.c
N* 
N* PSoC Creator  4.2
N*
N* Description:
N* This file defines all extra memory spaces that need to be included.
N* This file is automatically generated by PSoC Creator.
N*
N********************************************************************************
N* Copyright (c) 2007-2018 Cypress Semiconductor.  All rights reserved.
N* You may use this file only in accordance with the license, terms, conditions, 
N* disclaimers, and limitations in the end user license agreement accompanying 
N* the software package with which this file was provided.
N********************************************************************************/
N
N
N#include "stdint.h"
L 1 "D:\Keil_v5\ARM\ARMCC\bin\..\include\stdint.h" 1
N/* Copyright (C) ARM Ltd., 1999 */
N/* All rights reserved */
N
N/*
N * RCS $Revision: 180721 $
N * Checkin $Date: 2013-06-24 09:41:57 +0100 (Mon, 24 Jun 2013) $
N * Revising $Author: agrant $
N */
N
N#ifndef __stdint_h
N#define __stdint_h
N#define __ARMCLIB_VERSION 5040049
N
N/*
N * Depending on compiler version __int64 or __INT64_TYPE__ should be defined.
N */
N#ifndef __int64
N  #ifdef __INT64_TYPE__
S    #define __int64 __INT64_TYPE__
N  #endif
N  /* On some architectures neither of these may be defined - if so, fall
N     through and error out if used. */
N#endif
N
N  #ifndef __STDINT_DECLS
N  #define __STDINT_DECLS
N
N    #undef __CLIBNS
N
N    #ifdef __cplusplus
S      namespace std {
S          #define __CLIBNS std::
S          extern "C" {
N    #else
N      #define __CLIBNS
N    #endif  /* __cplusplus */
N
N
N/*
N * 'signed' is redundant below, except for 'signed char' and if
N * the typedef is used to declare a bitfield.
N * '__int64' is used instead of 'long long' so that this header
N * can be used in --strict mode.
N */
N
N    /* 7.18.1.1 */
N
N    /* exact-width signed integer types */
Ntypedef   signed          char int8_t;
Ntypedef   signed short     int int16_t;
Ntypedef   signed           int int32_t;
Ntypedef   signed       __int64 int64_t;
N
N    /* exact-width unsigned integer types */
Ntypedef unsigned          char uint8_t;
Ntypedef unsigned short     int uint16_t;
Ntypedef unsigned           int uint32_t;
Ntypedef unsigned       __int64 uint64_t;
N
N    /* 7.18.1.2 */
N
N    /* smallest type of at least n bits */
N    /* minimum-width signed integer types */
Ntypedef   signed          char int_least8_t;
Ntypedef   signed short     int int_least16_t;
Ntypedef   signed           int int_least32_t;
Ntypedef   signed       __int64 int_least64_t;
N
N    /* minimum-width unsigned integer types */
Ntypedef unsigned          char uint_least8_t;
Ntypedef unsigned short     int uint_least16_t;
Ntypedef unsigned           int uint_least32_t;
Ntypedef unsigned       __int64 uint_least64_t;
N
N    /* 7.18.1.3 */
N
N    /* fastest minimum-width signed integer types */
Ntypedef   signed           int int_fast8_t;
Ntypedef   signed           int int_fast16_t;
Ntypedef   signed           int int_fast32_t;
Ntypedef   signed       __int64 int_fast64_t;
N
N    /* fastest minimum-width unsigned integer types */
Ntypedef unsigned           int uint_fast8_t;
Ntypedef unsigned           int uint_fast16_t;
Ntypedef unsigned           int uint_fast32_t;
Ntypedef unsigned       __int64 uint_fast64_t;
N
N    /* 7.18.1.4 integer types capable of holding object pointers */
Ntypedef   signed           int intptr_t;
Ntypedef unsigned           int uintptr_t;
N
N    /* 7.18.1.5 greatest-width integer types */
Ntypedef   signed       __int64 intmax_t;
Ntypedef unsigned       __int64 uintmax_t;
N
N
N#if !defined(__cplusplus) || defined(__STDC_LIMIT_MACROS)
X#if !0L || 0L
N
N    /* 7.18.2.1 */
N
N    /* minimum values of exact-width signed integer types */
N#define INT8_MIN                   -128
N#define INT16_MIN                -32768
N#define INT32_MIN          (~0x7fffffff)   /* -2147483648 is unsigned */
N#define INT64_MIN  __ESCAPE__(~0x7fffffffffffffffll) /* -9223372036854775808 is unsigned */
N
N    /* maximum values of exact-width signed integer types */
N#define INT8_MAX                    127
N#define INT16_MAX                 32767
N#define INT32_MAX            2147483647
N#define INT64_MAX  __ESCAPE__(9223372036854775807ll)
N
N    /* maximum values of exact-width unsigned integer types */
N#define UINT8_MAX                   255
N#define UINT16_MAX                65535
N#define UINT32_MAX           4294967295u
N#define UINT64_MAX __ESCAPE__(18446744073709551615ull)
N
N    /* 7.18.2.2 */
N
N    /* minimum values of minimum-width signed integer types */
N#define INT_LEAST8_MIN                   -128
N#define INT_LEAST16_MIN                -32768
N#define INT_LEAST32_MIN          (~0x7fffffff)
N#define INT_LEAST64_MIN  __ESCAPE__(~0x7fffffffffffffffll)
N
N    /* maximum values of minimum-width signed integer types */
N#define INT_LEAST8_MAX                    127
N#define INT_LEAST16_MAX                 32767
N#define INT_LEAST32_MAX            2147483647
N#define INT_LEAST64_MAX  __ESCAPE__(9223372036854775807ll)
N
N    /* maximum values of minimum-width unsigned integer types */
N#define UINT_LEAST8_MAX                   255
N#define UINT_LEAST16_MAX                65535
N#define UINT_LEAST32_MAX           4294967295u
N#define UINT_LEAST64_MAX __ESCAPE__(18446744073709551615ull)
N
N    /* 7.18.2.3 */
N
N    /* minimum values of fastest minimum-width signed integer types */
N#define INT_FAST8_MIN           (~0x7fffffff)
N#define INT_FAST16_MIN          (~0x7fffffff)
N#define INT_FAST32_MIN          (~0x7fffffff)
N#define INT_FAST64_MIN  __ESCAPE__(~0x7fffffffffffffffll)
N
N    /* maximum values of fastest minimum-width signed integer types */
N#define INT_FAST8_MAX             2147483647
N#define INT_FAST16_MAX            2147483647
N#define INT_FAST32_MAX            2147483647
N#define INT_FAST64_MAX  __ESCAPE__(9223372036854775807ll)
N
N    /* maximum values of fastest minimum-width unsigned integer types */
N#define UINT_FAST8_MAX            4294967295u
N#define UINT_FAST16_MAX           4294967295u
N#define UINT_FAST32_MAX           4294967295u
N#define UINT_FAST64_MAX __ESCAPE__(18446744073709551615ull)
N
N    /* 7.18.2.4 */
N
N    /* minimum value of pointer-holding signed integer type */
N#define INTPTR_MIN (~0x7fffffff)
N
N    /* maximum value of pointer-holding signed integer type */
N#define INTPTR_MAX   2147483647
N
N    /* maximum value of pointer-holding unsigned integer type */
N#define UINTPTR_MAX  4294967295u
N
N    /* 7.18.2.5 */
N
N    /* minimum value of greatest-width signed integer type */
N#define INTMAX_MIN  __ESCAPE__(~0x7fffffffffffffffll)
N
N    /* maximum value of greatest-width signed integer type */
N#define INTMAX_MAX  __ESCAPE__(9223372036854775807ll)
N
N    /* maximum value of greatest-width unsigned integer type */
N#define UINTMAX_MAX __ESCAPE__(18446744073709551615ull)
N
N    /* 7.18.3 */
N
N    /* limits of ptrdiff_t */
N#define PTRDIFF_MIN (~0x7fffffff)
N#define PTRDIFF_MAX   2147483647
N
N    /* limits of sig_atomic_t */
N#define SIG_ATOMIC_MIN (~0x7fffffff)
N#define SIG_ATOMIC_MAX   2147483647
N
N    /* limit of size_t */
N#define SIZE_MAX 4294967295u
N
N    /* limits of wchar_t */
N    /* NB we have to undef and redef because they're defined in both
N     * stdint.h and wchar.h */
N#undef WCHAR_MIN
N#undef WCHAR_MAX
N
N#if defined(__WCHAR32) || (defined(__ARM_SIZEOF_WCHAR_T) && __ARM_SIZEOF_WCHAR_T == 4)
X#if 0L || (0L && __ARM_SIZEOF_WCHAR_T == 4)
S  #define WCHAR_MIN   0
S  #define WCHAR_MAX   0xffffffffU
N#else
N  #define WCHAR_MIN   0
N  #define WCHAR_MAX   65535
N#endif
N
N    /* limits of wint_t */
N#define WINT_MIN (~0x7fffffff)
N#define WINT_MAX 2147483647
N
N#endif /* __STDC_LIMIT_MACROS */
N
N#if !defined(__cplusplus) || defined(__STDC_CONSTANT_MACROS)
X#if !0L || 0L
N
N    /* 7.18.4.1 macros for minimum-width integer constants */
N#define INT8_C(x)   (x)
N#define INT16_C(x)  (x)
N#define INT32_C(x)  (x)
N#define INT64_C(x)  __ESCAPE__(x ## ll)
N
N#define UINT8_C(x)  (x ## u)
N#define UINT16_C(x) (x ## u)
N#define UINT32_C(x) (x ## u)
N#define UINT64_C(x) __ESCAPE__(x ## ull)
N
N    /* 7.18.4.2 macros for greatest-width integer constants */
N#define INTMAX_C(x)  __ESCAPE__(x ## ll)
N#define UINTMAX_C(x) __ESCAPE__(x ## ull)
N
N#endif /* __STDC_CONSTANT_MACROS */
N
N    #ifdef __cplusplus
S         }  /* extern "C" */
S      }  /* namespace std */
N    #endif /* __cplusplus */
N  #endif /* __STDINT_DECLS */
N
N  #ifdef __cplusplus
S    #ifndef __STDINT_NO_EXPORTS
S      using ::std::int8_t;
S      using ::std::int16_t;
S      using ::std::int32_t;
S      using ::std::int64_t;
S      using ::std::uint8_t;
S      using ::std::uint16_t;
S      using ::std::uint32_t;
S      using ::std::uint64_t;
S      using ::std::int_least8_t;
S      using ::std::int_least16_t;
S      using ::std::int_least32_t;
S      using ::std::int_least64_t;
S      using ::std::uint_least8_t;
S      using ::std::uint_least16_t;
S      using ::std::uint_least32_t;
S      using ::std::uint_least64_t;
S      using ::std::int_fast8_t;
S      using ::std::int_fast16_t;
S      using ::std::int_fast32_t;
S      using ::std::int_fast64_t;
S      using ::std::uint_fast8_t;
S      using ::std::uint_fast16_t;
S      using ::std::uint_fast32_t;
S      using ::std::uint_fast64_t;
S      using ::std::intptr_t;
S      using ::std::uintptr_t;
S      using ::std::intmax_t;
S      using ::std::uintmax_t;
S    #endif 
N  #endif /* __cplusplus */
N
N#endif /* __stdint_h */
N
N/* end of stdint.h */
N
N
N
L 19 "Generated_Source\PSoC4\cymetadata.c" 2
N
N
N#if defined(__GNUC__) || defined(__ARMCC_VERSION)
X#if 0L || 1L
N#ifndef CY_FLASH_PROT_SECTION
N#define CY_FLASH_PROT_SECTION __attribute__ ((__section__(".cyflashprotect"), used))
N#endif
NCY_FLASH_PROT_SECTION
X__attribute__ ((__section__(".cyflashprotect"), used))
N#elif defined(__ICCARM__)
S#pragma  location=".cyflashprotect"
S#else
S#error "Unsupported toolchain"
N#endif
Nconst uint8_t cy_meta_flashprotect[] = {
N    0x00u, 0x00u, 0x00u, 0x00u, 0x00u, 0x00u, 0x00u, 0x00u,
N    0x00u, 0x00u, 0x00u, 0x00u, 0x00u, 0x00u, 0x00u, 0x00u,
N    0x00u, 0x00u, 0x00u, 0x00u, 0x00u, 0x00u, 0x00u, 0x00u,
N    0x00u, 0x00u, 0x00u, 0x00u, 0x00u, 0x00u, 0x00u, 0x00u,
N    0x00u, 0x00u, 0x00u, 0x00u, 0x00u, 0x00u, 0x00u, 0x00u,
N    0x00u, 0x00u, 0x00u, 0x00u, 0x00u, 0x00u, 0x00u, 0x00u,
N    0x00u, 0x00u, 0x00u, 0x00u, 0x00u, 0x00u, 0x00u, 0x00u,
N    0x00u, 0x00u, 0x00u, 0x00u, 0x00u, 0x00u, 0x00u, 0x00u
N};
N
N#if defined(__GNUC__) || defined(__ARMCC_VERSION)
X#if 0L || 1L
N#ifndef CY_META_SECTION
N#define CY_META_SECTION __attribute__ ((__section__(".cymeta"), used))
N#endif
NCY_META_SECTION
X__attribute__ ((__section__(".cymeta"), used))
N#elif defined(__ICCARM__)
S#pragma  location=".cymeta"
S#else
S#error "Unsupported toolchain"
N#endif
Nconst uint8_t cy_metadata[] = {
N    0x00u, 0x02u, 0x25u, 0x70u, 0x11u, 0xB5u, 0x00u, 0x01u,
N    0x00u, 0x00u, 0x00u, 0x00u
N};
N
N#if defined(__GNUC__) || defined(__ARMCC_VERSION)
X#if 0L || 1L
N#ifndef CY_CHIP_PROT_SECTION
N#define CY_CHIP_PROT_SECTION __attribute__ ((__section__(".cychipprotect"), used))
N#endif
NCY_CHIP_PROT_SECTION
X__attribute__ ((__section__(".cychipprotect"), used))
N#elif defined(__ICCARM__)
S#pragma  location=".cychipprotect"
S#else
S#error "Unsupported toolchain"
N#endif
Nconst uint8_t cy_meta_chipprotect[] = {
N    0x01u
N};
