--------------- Clean Started: 08/29/2018 17:51:32 Project: LOCK, Configuration: ARM MDK Generic Release ---------------
Deleting file ".\CortexM0p\ARM_MDK_Generic\Release\main.o"
Deleting file ".\CortexM0p\ARM_MDK_Generic\Release\gpio.o"
Deleting file ".\CortexM0p\ARM_MDK_Generic\Release\Bat.o"
Deleting file ".\CortexM0p\ARM_MDK_Generic\Release\BLE.o"
Deleting file ".\CortexM0p\ARM_MDK_Generic\Release\Card.o"
Deleting file ".\CortexM0p\ARM_MDK_Generic\Release\nxp520.o"
Deleting file ".\CortexM0p\ARM_MDK_Generic\Release\Display.o"
Deleting file ".\CortexM0p\ARM_MDK_Generic\Release\DisplayFont.o"
Deleting file ".\CortexM0p\ARM_MDK_Generic\Release\Fingerprint.o"
Deleting file ".\CortexM0p\ARM_MDK_Generic\Release\Function.o"
Deleting file ".\CortexM0p\ARM_MDK_Generic\Release\LockMode.o"
Deleting file ".\CortexM0p\ARM_MDK_Generic\Release\ManageMode.o"
Deleting file ".\CortexM0p\ARM_MDK_Generic\Release\MenuTips.o"
Deleting file ".\CortexM0p\ARM_MDK_Generic\Release\NormalMode.o"
Deleting file ".\CortexM0p\ARM_MDK_Generic\Release\Led.o"
Deleting file ".\CortexM0p\ARM_MDK_Generic\Release\adc_hal.o"
Deleting file ".\CortexM0p\ARM_MDK_Generic\Release\Lock.o"
Deleting file ".\CortexM0p\ARM_MDK_Generic\Release\lock_evt.o"
Deleting file ".\CortexM0p\ARM_MDK_Generic\Release\lock_hal.o"
Deleting file ".\CortexM0p\ARM_MDK_Generic\Release\power.o"
Deleting file ".\CortexM0p\ARM_MDK_Generic\Release\Record.o"
Deleting file ".\CortexM0p\ARM_MDK_Generic\Release\Rtc.o"
Deleting file ".\CortexM0p\ARM_MDK_Generic\Release\SwitchKey.o"
Deleting file ".\CortexM0p\ARM_MDK_Generic\Release\Tuch.o"
Deleting file ".\CortexM0p\ARM_MDK_Generic\Release\Voice.o"
Deleting file ".\CortexM0p\ARM_MDK_Generic\Release\Wdt.o"
Deleting file ".\CortexM0p\ARM_MDK_Generic\Release\cyfitter_cfg.o"
Deleting file ".\CortexM0p\ARM_MDK_Generic\Release\cymetadata.o"
Deleting file ".\CortexM0p\ARM_MDK_Generic\Release\Cm0plusStart.o"
Deleting file ".\CortexM0p\ARM_MDK_Generic\Release\CyBootAsmRv.o"
Deleting file ".\CortexM0p\ARM_MDK_Generic\Release\CyFlash.o"
Deleting file ".\CortexM0p\ARM_MDK_Generic\Release\CyLib.o"
Deleting file ".\CortexM0p\ARM_MDK_Generic\Release\cyPm.o"
Deleting file ".\CortexM0p\ARM_MDK_Generic\Release\cyutils.o"
Deleting file ".\CortexM0p\ARM_MDK_Generic\Release\CyDMA.o"
Deleting file ".\CortexM0p\ARM_MDK_Generic\Release\CyLFClk.o"
Deleting file ".\CortexM0p\ARM_MDK_Generic\Release\cy_em_eeprom.o"
Deleting file ".\CortexM0p\ARM_MDK_Generic\Release\UART_1_BLE.o"
Deleting file ".\CortexM0p\ARM_MDK_Generic\Release\UART_1_BLE_SPI_UART.o"
Deleting file ".\CortexM0p\ARM_MDK_Generic\Release\UART_1_BLE_SPI_UART_INT.o"
Deleting file ".\CortexM0p\ARM_MDK_Generic\Release\UART_1_BLE_PM.o"
Deleting file ".\CortexM0p\ARM_MDK_Generic\Release\UART_1_BLE_UART.o"
Deleting file ".\CortexM0p\ARM_MDK_Generic\Release\UART_1_BLE_BOOT.o"
Deleting file ".\CortexM0p\ARM_MDK_Generic\Release\UART_1_BLE_UART_BOOT.o"
Deleting file ".\CortexM0p\ARM_MDK_Generic\Release\UART_0_FPC.o"
Deleting file ".\CortexM0p\ARM_MDK_Generic\Release\UART_0_FPC_SPI_UART.o"
Deleting file ".\CortexM0p\ARM_MDK_Generic\Release\UART_0_FPC_SPI_UART_INT.o"
Deleting file ".\CortexM0p\ARM_MDK_Generic\Release\UART_0_FPC_PM.o"
Deleting file ".\CortexM0p\ARM_MDK_Generic\Release\UART_0_FPC_UART.o"
Deleting file ".\CortexM0p\ARM_MDK_Generic\Release\UART_0_FPC_BOOT.o"
Deleting file ".\CortexM0p\ARM_MDK_Generic\Release\UART_0_FPC_UART_BOOT.o"
Deleting file ".\CortexM0p\ARM_MDK_Generic\Release\UART_2_EXT.o"
Deleting file ".\CortexM0p\ARM_MDK_Generic\Release\UART_2_EXT_SPI_UART.o"
Deleting file ".\CortexM0p\ARM_MDK_Generic\Release\UART_2_EXT_SPI_UART_INT.o"
Deleting file ".\CortexM0p\ARM_MDK_Generic\Release\UART_2_EXT_PM.o"
Deleting file ".\CortexM0p\ARM_MDK_Generic\Release\UART_2_EXT_UART.o"
Deleting file ".\CortexM0p\ARM_MDK_Generic\Release\UART_2_EXT_BOOT.o"
Deleting file ".\CortexM0p\ARM_MDK_Generic\Release\UART_2_EXT_UART_BOOT.o"
Deleting file ".\CortexM0p\ARM_MDK_Generic\Release\SPI_0_OLED_FLASH.o"
Deleting file ".\CortexM0p\ARM_MDK_Generic\Release\SPI_0_OLED_FLASH_SPI_UART.o"
Deleting file ".\CortexM0p\ARM_MDK_Generic\Release\SPI_0_OLED_FLASH_SPI_UART_INT.o"
Deleting file ".\CortexM0p\ARM_MDK_Generic\Release\SPI_0_OLED_FLASH_PM.o"
Deleting file ".\CortexM0p\ARM_MDK_Generic\Release\SPI_0_OLED_FLASH_SPI.o"
Deleting file ".\CortexM0p\ARM_MDK_Generic\Release\SPI_0_OLED_FLASH_BOOT.o"
Deleting file ".\CortexM0p\ARM_MDK_Generic\Release\SPI_0_OLED_FLASH_SPI_BOOT.o"
Deleting file ".\CortexM0p\ARM_MDK_Generic\Release\SPI_1_CARD.o"
Deleting file ".\CortexM0p\ARM_MDK_Generic\Release\SPI_1_CARD_SPI_UART.o"
Deleting file ".\CortexM0p\ARM_MDK_Generic\Release\SPI_1_CARD_PM.o"
Deleting file ".\CortexM0p\ARM_MDK_Generic\Release\SPI_1_CARD_SPI.o"
Deleting file ".\CortexM0p\ARM_MDK_Generic\Release\SPI_1_CARD_BOOT.o"
Deleting file ".\CortexM0p\ARM_MDK_Generic\Release\SPI_1_CARD_SPI_BOOT.o"
Deleting file ".\CortexM0p\ARM_MDK_Generic\Release\CARD_RESET.o"
Deleting file ".\CortexM0p\ARM_MDK_Generic\Release\CARD_RESET_PM.o"
Deleting file ".\CortexM0p\ARM_MDK_Generic\Release\OLED_DC.o"
Deleting file ".\CortexM0p\ARM_MDK_Generic\Release\OLED_DC_PM.o"
Deleting file ".\CortexM0p\ARM_MDK_Generic\Release\I2C_SCL.o"
Deleting file ".\CortexM0p\ARM_MDK_Generic\Release\I2C_SCL_PM.o"
Deleting file ".\CortexM0p\ARM_MDK_Generic\Release\I2C_SDA.o"
Deleting file ".\CortexM0p\ARM_MDK_Generic\Release\I2C_SDA_PM.o"
Deleting file ".\CortexM0p\ARM_MDK_Generic\Release\I2C_ST.o"
Deleting file ".\CortexM0p\ARM_MDK_Generic\Release\I2C_ST_PM.o"
Deleting file ".\CortexM0p\ARM_MDK_Generic\Release\CapSense_Control.o"
Deleting file ".\CortexM0p\ARM_MDK_Generic\Release\CapSense_Processing.o"
Deleting file ".\CortexM0p\ARM_MDK_Generic\Release\CapSense_Structure.o"
Deleting file ".\CortexM0p\ARM_MDK_Generic\Release\CapSense_Tuner.o"
Deleting file ".\CortexM0p\ARM_MDK_Generic\Release\CapSense_Filter.o"
Deleting file ".\CortexM0p\ARM_MDK_Generic\Release\CapSense_Sensing.o"
Deleting file ".\CortexM0p\ARM_MDK_Generic\Release\CapSense_INT.o"
Deleting file ".\CortexM0p\ARM_MDK_Generic\Release\CapSense_SensingCSD_LL.o"
Deleting file ".\CortexM0p\ARM_MDK_Generic\Release\ADC.o"
Deleting file ".\CortexM0p\ARM_MDK_Generic\Release\ADC_PM.o"
Deleting file ".\CortexM0p\ARM_MDK_Generic\Release\ADC_INT.o"
Deleting file ".\CortexM0p\ARM_MDK_Generic\Release\BAT_ADC.o"
Deleting file ".\CortexM0p\ARM_MDK_Generic\Release\BAT_ADC_PM.o"
Deleting file ".\CortexM0p\ARM_MDK_Generic\Release\MOTO_ADC.o"
Deleting file ".\CortexM0p\ARM_MDK_Generic\Release\MOTO_ADC_PM.o"
Deleting file ".\CortexM0p\ARM_MDK_Generic\Release\RF_ADC.o"
Deleting file ".\CortexM0p\ARM_MDK_Generic\Release\RF_ADC_PM.o"
Deleting file ".\CortexM0p\ARM_MDK_Generic\Release\VOICE_BUSY.o"
Deleting file ".\CortexM0p\ARM_MDK_Generic\Release\VOICE_BUSY_PM.o"
Deleting file ".\CortexM0p\ARM_MDK_Generic\Release\VOICE_DATA.o"
Deleting file ".\CortexM0p\ARM_MDK_Generic\Release\VOICE_DATA_PM.o"
Deleting file ".\CortexM0p\ARM_MDK_Generic\Release\isr_1.o"
Deleting file ".\CortexM0p\ARM_MDK_Generic\Release\LOCK_INT.o"
Deleting file ".\CortexM0p\ARM_MDK_Generic\Release\LOCK_INT_PM.o"
Deleting file ".\CortexM0p\ARM_MDK_Generic\Release\GPIO_ISR1.o"
Deleting file ".\CortexM0p\ARM_MDK_Generic\Release\GPIO_ISR1_PM.o"
Deleting file ".\CortexM0p\ARM_MDK_Generic\Release\isr_2.o"
Deleting file ".\CortexM0p\ARM_MDK_Generic\Release\OP2_INT.o"
Deleting file ".\CortexM0p\ARM_MDK_Generic\Release\OP2_INT_PM.o"
Deleting file ".\CortexM0p\ARM_MDK_Generic\Release\OP3_INT.o"
Deleting file ".\CortexM0p\ARM_MDK_Generic\Release\OP3_INT_PM.o"
Deleting file ".\CortexM0p\ARM_MDK_Generic\Release\OP1_INT.o"
Deleting file ".\CortexM0p\ARM_MDK_Generic\Release\OP1_INT_PM.o"
Deleting file ".\CortexM0p\ARM_MDK_Generic\Release\COVER_CHK_INT.o"
Deleting file ".\CortexM0p\ARM_MDK_Generic\Release\COVER_CHK_INT_PM.o"
Deleting file ".\CortexM0p\ARM_MDK_Generic\Release\TEST_IO.o"
Deleting file ".\CortexM0p\ARM_MDK_Generic\Release\TEST_IO_PM.o"
Deleting file ".\CortexM0p\ARM_MDK_Generic\Release\isr_wdt.o"
Deleting file ".\CortexM0p\ARM_MDK_Generic\Release\RTC_1.o"
Deleting file ".\CortexM0p\ARM_MDK_Generic\Release\Em_EEPROM.o"
Deleting file ".\CortexM0p\ARM_MDK_Generic\Release\UART_1_BLE_SCBCLK.o"
Deleting file ".\CortexM0p\ARM_MDK_Generic\Release\UART_1_BLE_tx.o"
Deleting file ".\CortexM0p\ARM_MDK_Generic\Release\UART_1_BLE_tx_PM.o"
Deleting file ".\CortexM0p\ARM_MDK_Generic\Release\UART_1_BLE_SCB_IRQ.o"
Deleting file ".\CortexM0p\ARM_MDK_Generic\Release\UART_1_BLE_rx.o"
Deleting file ".\CortexM0p\ARM_MDK_Generic\Release\UART_1_BLE_rx_PM.o"
Deleting file ".\CortexM0p\ARM_MDK_Generic\Release\UART_0_FPC_SCBCLK.o"
Deleting file ".\CortexM0p\ARM_MDK_Generic\Release\UART_0_FPC_tx.o"
Deleting file ".\CortexM0p\ARM_MDK_Generic\Release\UART_0_FPC_tx_PM.o"
Deleting file ".\CortexM0p\ARM_MDK_Generic\Release\UART_0_FPC_SCB_IRQ.o"
Deleting file ".\CortexM0p\ARM_MDK_Generic\Release\UART_0_FPC_rx.o"
Deleting file ".\CortexM0p\ARM_MDK_Generic\Release\UART_0_FPC_rx_PM.o"
Deleting file ".\CortexM0p\ARM_MDK_Generic\Release\UART_2_EXT_SCBCLK.o"
Deleting file ".\CortexM0p\ARM_MDK_Generic\Release\UART_2_EXT_tx.o"
Deleting file ".\CortexM0p\ARM_MDK_Generic\Release\UART_2_EXT_tx_PM.o"
Deleting file ".\CortexM0p\ARM_MDK_Generic\Release\UART_2_EXT_SCB_IRQ.o"
Deleting file ".\CortexM0p\ARM_MDK_Generic\Release\UART_2_EXT_rx.o"
Deleting file ".\CortexM0p\ARM_MDK_Generic\Release\UART_2_EXT_rx_PM.o"
Deleting file ".\CortexM0p\ARM_MDK_Generic\Release\SPI_0_OLED_FLASH_SCBCLK.o"
Deleting file ".\CortexM0p\ARM_MDK_Generic\Release\SPI_0_OLED_FLASH_ss1_m.o"
Deleting file ".\CortexM0p\ARM_MDK_Generic\Release\SPI_0_OLED_FLASH_ss1_m_PM.o"
Deleting file ".\CortexM0p\ARM_MDK_Generic\Release\SPI_0_OLED_FLASH_sclk_m.o"
Deleting file ".\CortexM0p\ARM_MDK_Generic\Release\SPI_0_OLED_FLASH_sclk_m_PM.o"
Deleting file ".\CortexM0p\ARM_MDK_Generic\Release\SPI_0_OLED_FLASH_miso_m.o"
Deleting file ".\CortexM0p\ARM_MDK_Generic\Release\SPI_0_OLED_FLASH_miso_m_PM.o"
Deleting file ".\CortexM0p\ARM_MDK_Generic\Release\SPI_0_OLED_FLASH_mosi_m.o"
Deleting file ".\CortexM0p\ARM_MDK_Generic\Release\SPI_0_OLED_FLASH_mosi_m_PM.o"
Deleting file ".\CortexM0p\ARM_MDK_Generic\Release\SPI_0_OLED_FLASH_ss0_m.o"
Deleting file ".\CortexM0p\ARM_MDK_Generic\Release\SPI_0_OLED_FLASH_ss0_m_PM.o"
Deleting file ".\CortexM0p\ARM_MDK_Generic\Release\SPI_0_OLED_FLASH_SCB_IRQ.o"
Deleting file ".\CortexM0p\ARM_MDK_Generic\Release\SPI_1_CARD_SCBCLK.o"
Deleting file ".\CortexM0p\ARM_MDK_Generic\Release\SPI_1_CARD_sclk_m.o"
Deleting file ".\CortexM0p\ARM_MDK_Generic\Release\SPI_1_CARD_sclk_m_PM.o"
Deleting file ".\CortexM0p\ARM_MDK_Generic\Release\SPI_1_CARD_miso_m.o"
Deleting file ".\CortexM0p\ARM_MDK_Generic\Release\SPI_1_CARD_miso_m_PM.o"
Deleting file ".\CortexM0p\ARM_MDK_Generic\Release\SPI_1_CARD_mosi_m.o"
Deleting file ".\CortexM0p\ARM_MDK_Generic\Release\SPI_1_CARD_mosi_m_PM.o"
Deleting file ".\CortexM0p\ARM_MDK_Generic\Release\SPI_1_CARD_ss0_m.o"
Deleting file ".\CortexM0p\ARM_MDK_Generic\Release\SPI_1_CARD_ss0_m_PM.o"
Deleting file ".\CortexM0p\ARM_MDK_Generic\Release\CapSense_ISR.o"
Deleting file ".\CortexM0p\ARM_MDK_Generic\Release\ADC_IRQ.o"
Deleting file ".\CortexM0p\ARM_MDK_Generic\Release\ADC_intClock.o"
Deleting file ".\CortexM0p\ARM_MDK_Generic\Release\LOCK.hex"
Deleting file ".\CortexM0p\ARM_MDK_Generic\Release\LOCK.elf"
Deleting file ".\CortexM0p\ARM_MDK_Generic\Release\LOCK.map"
Deleting file ".\LOCK.cycdx"
Deleting file ".\LOCK.rpt"
Deleting file ".\CortexM0p\ARM_MDK_Generic\Release\.deps\SOURCE_C__ARM_MDK_GENERIC.P"
Deleting file ".\CortexM0p\ARM_MDK_Generic\Release\.deps\SOURCE_ASM__ARM_MDK_GENERIC.P"
--------------- Clean Succeeded: 08/29/2018 17:51:32 ---------------
